<?xml version="1.0" encoding="UTF-8"?>
<coverage generated="1699091417474" clover="3.2.0">
  <project timestamp="1699091417474" name="All files">
    <metrics statements="4" coveredstatements="4" conditionals="0" coveredconditionals="0" methods="2" coveredmethods="2" elements="6" coveredelements="6" complexity="0" loc="4" ncloc="4" packages="1" files="2" classes="2"/>
    <file name="Star.atom.tsx" path="C:\jays_space\other_projects\smartenup\src\components\atoms\star\Star.atom.tsx">
      <metrics statements="3" coveredstatements="3" conditionals="0" coveredconditionals="0" methods="1" coveredmethods="1"/>
      <line num="1" count="1" type="stmt"/>
      <line num="2" count="1" type="stmt"/>
      <line num="7" count="1" type="stmt"/>
    </file>
    <file name="index.ts" path="C:\jays_space\other_projects\smartenup\src\components\atoms\star\index.ts">
      <metrics statements="1" coveredstatements="1" conditionals="0" coveredconditionals="0" methods="1" coveredmethods="1"/>
      <line num="1" count="2" type="stmt"/>
    </file>
  </project>
</coverage>
