<?xml version="1.0" encoding="UTF-8"?>
<coverage generated="1699035300886" clover="3.2.0">
  <project timestamp="1699035300886" name="All files">
    <metrics statements="28" coveredstatements="28" conditionals="1" coveredconditionals="1" methods="12" coveredmethods="5" elements="41" coveredelements="34" complexity="0" loc="28" ncloc="28" packages="2" files="12" classes="12"/>
    <package name="components.elements.marquee">
      <metrics statements="12" coveredstatements="12" conditionals="1" coveredconditionals="1" methods="4" coveredmethods="4"/>
      <file name="Marquee.element.tsx" path="C:\jays_space\other_projects\smartenup\src\components\elements\marquee\Marquee.element.tsx">
        <metrics statements="4" coveredstatements="4" conditionals="1" coveredconditionals="1" methods="1" coveredmethods="1"/>
        <line num="2" count="1" type="stmt"/>
        <line num="11" count="1" type="cond" truecount="1" falsecount="0"/>
        <line num="12" count="2" type="stmt"/>
        <line num="22" count="1" type="stmt"/>
      </file>
      <file name="Marquee.utils.tsx" path="C:\jays_space\other_projects\smartenup\src\components\elements\marquee\Marquee.utils.tsx">
        <metrics statements="7" coveredstatements="7" conditionals="0" coveredconditionals="0" methods="2" coveredmethods="2"/>
        <line num="4" count="1" type="stmt"/>
        <line num="14" count="1" type="stmt"/>
        <line num="16" count="2" type="stmt"/>
        <line num="19" count="2" type="stmt"/>
        <line num="21" count="7" type="stmt"/>
        <line num="23" count="28" type="stmt"/>
        <line num="36" count="2" type="stmt"/>
      </file>
      <file name="index.ts" path="C:\jays_space\other_projects\smartenup\src\components\elements\marquee\index.ts">
        <metrics statements="1" coveredstatements="1" conditionals="0" coveredconditionals="0" methods="1" coveredmethods="1"/>
        <line num="1" count="3" type="stmt"/>
      </file>
    </package>
    <package name="copy">
      <metrics statements="16" coveredstatements="16" conditionals="0" coveredconditionals="0" methods="8" coveredmethods="1"/>
      <file name="bannerSection.copy.ts" path="C:\jays_space\other_projects\smartenup\src\copy\bannerSection.copy.ts">
        <metrics statements="1" coveredstatements="1" conditionals="0" coveredconditionals="0" methods="0" coveredmethods="0"/>
        <line num="1" count="1" type="stmt"/>
      </file>
      <file name="ctaSection.copy.ts" path="C:\jays_space\other_projects\smartenup\src\copy\ctaSection.copy.ts">
        <metrics statements="1" coveredstatements="1" conditionals="0" coveredconditionals="0" methods="0" coveredmethods="0"/>
        <line num="1" count="1" type="stmt"/>
      </file>
      <file name="filtersSection.copy.ts" path="C:\jays_space\other_projects\smartenup\src\copy\filtersSection.copy.ts">
        <metrics statements="1" coveredstatements="1" conditionals="0" coveredconditionals="0" methods="0" coveredmethods="0"/>
        <line num="1" count="1" type="stmt"/>
      </file>
      <file name="footer.copy.ts" path="C:\jays_space\other_projects\smartenup\src\copy\footer.copy.ts">
        <metrics statements="1" coveredstatements="1" conditionals="0" coveredconditionals="0" methods="0" coveredmethods="0"/>
        <line num="1" count="1" type="stmt"/>
      </file>
      <file name="gameSection.copy.ts" path="C:\jays_space\other_projects\smartenup\src\copy\gameSection.copy.ts">
        <metrics statements="1" coveredstatements="1" conditionals="0" coveredconditionals="0" methods="0" coveredmethods="0"/>
        <line num="1" count="1" type="stmt"/>
      </file>
      <file name="index.ts" path="C:\jays_space\other_projects\smartenup\src\copy\index.ts">
        <metrics statements="8" coveredstatements="8" conditionals="0" coveredconditionals="0" methods="8" coveredmethods="1"/>
        <line num="1" count="1" type="stmt"/>
        <line num="2" count="1" type="stmt"/>
        <line num="3" count="1" type="stmt"/>
        <line num="4" count="1" type="stmt"/>
        <line num="5" count="1" type="stmt"/>
        <line num="6" count="10" type="stmt"/>
        <line num="7" count="1" type="stmt"/>
        <line num="8" count="1" type="stmt"/>
      </file>
      <file name="marquee.copy.ts" path="C:\jays_space\other_projects\smartenup\src\copy\marquee.copy.ts">
        <metrics statements="1" coveredstatements="1" conditionals="0" coveredconditionals="0" methods="0" coveredmethods="0"/>
        <line num="1" count="1" type="stmt"/>
      </file>
      <file name="nav.copy.ts" path="C:\jays_space\other_projects\smartenup\src\copy\nav.copy.ts">
        <metrics statements="1" coveredstatements="1" conditionals="0" coveredconditionals="0" methods="0" coveredmethods="0"/>
        <line num="1" count="1" type="stmt"/>
      </file>
      <file name="testimonialsSection.copy.ts" path="C:\jays_space\other_projects\smartenup\src\copy\testimonialsSection.copy.ts">
        <metrics statements="1" coveredstatements="1" conditionals="0" coveredconditionals="0" methods="0" coveredmethods="0"/>
        <line num="1" count="1" type="stmt"/>
      </file>
    </package>
  </project>
</coverage>
