{"C:\\jays_space\\other_projects\\smartenup\\src\\components\\atoms\\section\\Section.atom.tsx": {"path":"C:\\jays_space\\other_projects\\smartenup\\src\\components\\atoms\\section\\Section.atom.tsx","statementMap":{"0":{"start":{"line":13,"column":16},"end":{"line":19,"column":1}},"1":{"start":{"line":14,"column":2},"end":{"line":18,"column":4}},"2":{"start":{"line":21,"column":0},"end":{"line":21,"column":23}}},"fnMap":{"0":{"name":"(anonymous_0)","decl":{"start":{"line":13,"column":16},"end":{"line":13,"column":17}},"loc":{"start":{"line":13,"column":66},"end":{"line":19,"column":1}}}},"branchMap":{"0":{"loc":{"start":{"line":13,"column":36},"end":{"line":13,"column":50}},"type":"default-arg","locations":[{"start":{"line":13,"column":48},"end":{"line":13,"column":50}}]}},"s":{"0":1,"1":1,"2":1},"f":{"0":1},"b":{"0":[1]}}
,"C:\\jays_space\\other_projects\\smartenup\\src\\components\\atoms\\section\\index.ts": {"path":"C:\\jays_space\\other_projects\\smartenup\\src\\components\\atoms\\section\\index.ts","statementMap":{"0":{"start":{"line":1,"column":0},"end":{"line":1,"column":9}},"1":{"start":{"line":1,"column":9},"end":{"line":1,"column":27}}},"fnMap":{"0":{"name":"(anonymous_1)","decl":{"start":{"line":1,"column":9},"end":{"line":1,"column":16}},"loc":{"start":{"line":1,"column":9},"end":{"line":1,"column":27}}}},"branchMap":{},"s":{"0":1,"1":2},"f":{"0":1},"b":{}}
,"C:\\jays_space\\other_projects\\smartenup\\src\\components\\atoms\\typography\\heading\\Heading.atom.tsx": {"path":"C:\\jays_space\\other_projects\\smartenup\\src\\components\\atoms\\typography\\heading\\Heading.atom.tsx","statementMap":{"0":{"start":{"line":3,"column":0},"end":{"line":3,"column":51}},"1":{"start":{"line":14,"column":16},"end":{"line":45,"column":1}},"2":{"start":{"line":16,"column":2},"end":{"line":44,"column":null}},"3":{"start":{"line":18,"column":6},"end":{"line":18,"column":76}},"4":{"start":{"line":22,"column":6},"end":{"line":22,"column":76}},"5":{"start":{"line":26,"column":6},"end":{"line":26,"column":76}},"6":{"start":{"line":30,"column":6},"end":{"line":30,"column":76}},"7":{"start":{"line":34,"column":6},"end":{"line":34,"column":76}},"8":{"start":{"line":38,"column":6},"end":{"line":38,"column":76}},"9":{"start":{"line":43,"column":6},"end":{"line":43,"column":76}},"10":{"start":{"line":47,"column":0},"end":{"line":47,"column":23}}},"fnMap":{"0":{"name":"(anonymous_0)","decl":{"start":{"line":14,"column":16},"end":{"line":14,"column":17}},"loc":{"start":{"line":14,"column":77},"end":{"line":45,"column":1}}}},"branchMap":{"0":{"loc":{"start":{"line":14,"column":29},"end":{"line":14,"column":48}},"type":"default-arg","locations":[{"start":{"line":14,"column":39},"end":{"line":14,"column":48}}]},"1":{"loc":{"start":{"line":16,"column":2},"end":{"line":44,"column":null}},"type":"switch","locations":[{"start":{"line":17,"column":4},"end":{"line":19,"column":null}},{"start":{"line":21,"column":4},"end":{"line":23,"column":null}},{"start":{"line":25,"column":4},"end":{"line":27,"column":null}},{"start":{"line":29,"column":4},"end":{"line":31,"column":null}},{"start":{"line":33,"column":4},"end":{"line":35,"column":null}},{"start":{"line":37,"column":4},"end":{"line":39,"column":null}},{"start":{"line":42,"column":4},"end":{"line":43,"column":76}}]}},"s":{"0":1,"1":1,"2":7,"3":1,"4":1,"5":1,"6":1,"7":1,"8":1,"9":1,"10":1},"f":{"0":7},"b":{"0":[1],"1":[1,1,1,1,1,1,1]}}
,"C:\\jays_space\\other_projects\\smartenup\\src\\components\\atoms\\typography\\heading\\Heading.utils.tsx": {"path":"C:\\jays_space\\other_projects\\smartenup\\src\\components\\atoms\\typography\\heading\\Heading.utils.tsx","statementMap":{"0":{"start":{"line":10,"column":32},"end":{"line":38,"column":1}},"1":{"start":{"line":12,"column":23},"end":{"line":12,"column":72}},"2":{"start":{"line":14,"column":2},"end":{"line":37,"column":null}},"3":{"start":{"line":17,"column":6},"end":{"line":17,"column":86}},"4":{"start":{"line":20,"column":6},"end":{"line":20,"column":42}},"5":{"start":{"line":23,"column":6},"end":{"line":23,"column":42}},"6":{"start":{"line":26,"column":6},"end":{"line":26,"column":42}},"7":{"start":{"line":29,"column":6},"end":{"line":29,"column":42}},"8":{"start":{"line":32,"column":6},"end":{"line":32,"column":42}},"9":{"start":{"line":36,"column":6},"end":{"line":36,"column":86}},"10":{"start":{"line":10,"column":13},"end":{"line":10,"column":32}}},"fnMap":{"0":{"name":"(anonymous_0)","decl":{"start":{"line":10,"column":32},"end":{"line":10,"column":33}},"loc":{"start":{"line":10,"column":77},"end":{"line":38,"column":1}}}},"branchMap":{"0":{"loc":{"start":{"line":14,"column":2},"end":{"line":37,"column":null}},"type":"switch","locations":[{"start":{"line":15,"column":4},"end":{"line":17,"column":86}},{"start":{"line":18,"column":4},"end":{"line":20,"column":42}},{"start":{"line":21,"column":4},"end":{"line":23,"column":42}},{"start":{"line":24,"column":4},"end":{"line":26,"column":42}},{"start":{"line":27,"column":4},"end":{"line":29,"column":42}},{"start":{"line":30,"column":4},"end":{"line":32,"column":42}},{"start":{"line":34,"column":4},"end":{"line":36,"column":86}}]}},"s":{"0":1,"1":7,"2":7,"3":1,"4":1,"5":1,"6":1,"7":1,"8":1,"9":1,"10":1},"f":{"0":7},"b":{"0":[1,1,1,1,1,1,1]}}
,"C:\\jays_space\\other_projects\\smartenup\\src\\components\\atoms\\typography\\heading\\index.ts": {"path":"C:\\jays_space\\other_projects\\smartenup\\src\\components\\atoms\\typography\\heading\\index.ts","statementMap":{"0":{"start":{"line":1,"column":0},"end":{"line":1,"column":9}},"1":{"start":{"line":1,"column":9},"end":{"line":1,"column":27}}},"fnMap":{"0":{"name":"(anonymous_1)","decl":{"start":{"line":1,"column":9},"end":{"line":1,"column":16}},"loc":{"start":{"line":1,"column":9},"end":{"line":1,"column":27}}}},"branchMap":{},"s":{"0":1,"1":8},"f":{"0":7},"b":{}}
,"C:\\jays_space\\other_projects\\smartenup\\src\\components\\atoms\\typography\\text\\Text.atom.tsx": {"path":"C:\\jays_space\\other_projects\\smartenup\\src\\components\\atoms\\typography\\text\\Text.atom.tsx","statementMap":{"0":{"start":{"line":5,"column":0},"end":{"line":5,"column":45}},"1":{"start":{"line":24,"column":13},"end":{"line":34,"column":1}},"2":{"start":{"line":26,"column":18},"end":{"line":26,"column":44}},"3":{"start":{"line":29,"column":17},"end":{"line":29,"column":43}},"4":{"start":{"line":31,"column":2},"end":{"line":33,"column":4}},"5":{"start":{"line":37,"column":0},"end":{"line":37,"column":20}}},"fnMap":{"0":{"name":"(anonymous_0)","decl":{"start":{"line":24,"column":13},"end":{"line":24,"column":14}},"loc":{"start":{"line":24,"column":71},"end":{"line":34,"column":1}}}},"branchMap":{"0":{"loc":{"start":{"line":24,"column":26},"end":{"line":24,"column":45}},"type":"default-arg","locations":[{"start":{"line":24,"column":40},"end":{"line":24,"column":45}}]},"1":{"loc":{"start":{"line":26,"column":18},"end":{"line":26,"column":44}},"type":"cond-expr","locations":[{"start":{"line":26,"column":32},"end":{"line":26,"column":38}},{"start":{"line":26,"column":41},"end":{"line":26,"column":44}}]}},"s":{"0":2,"1":2,"2":6,"3":6,"4":6,"5":2},"f":{"0":6},"b":{"0":[1],"1":[5,1]}}
,"C:\\jays_space\\other_projects\\smartenup\\src\\components\\atoms\\typography\\text\\Text.utils.ts": {"path":"C:\\jays_space\\other_projects\\smartenup\\src\\components\\atoms\\typography\\text\\Text.utils.ts","statementMap":{"0":{"start":{"line":7,"column":29},"end":{"line":18,"column":1}},"1":{"start":{"line":9,"column":23},"end":{"line":9,"column":56}},"2":{"start":{"line":11,"column":2},"end":{"line":17,"column":null}},"3":{"start":{"line":13,"column":4},"end":{"line":13,"column":133}},"4":{"start":{"line":16,"column":4},"end":{"line":16,"column":91}},"5":{"start":{"line":7,"column":13},"end":{"line":7,"column":29}}},"fnMap":{"0":{"name":"(anonymous_0)","decl":{"start":{"line":7,"column":29},"end":{"line":7,"column":30}},"loc":{"start":{"line":7,"column":54},"end":{"line":18,"column":1}}}},"branchMap":{"0":{"loc":{"start":{"line":11,"column":2},"end":{"line":17,"column":null}},"type":"if","locations":[{"start":{"line":11,"column":2},"end":{"line":17,"column":null}},{"start":{"line":14,"column":9},"end":{"line":17,"column":null}}]}},"s":{"0":2,"1":6,"2":6,"3":5,"4":1,"5":2},"f":{"0":6},"b":{"0":[5,1]}}
,"C:\\jays_space\\other_projects\\smartenup\\src\\components\\atoms\\typography\\text\\index.ts": {"path":"C:\\jays_space\\other_projects\\smartenup\\src\\components\\atoms\\typography\\text\\index.ts","statementMap":{"0":{"start":{"line":1,"column":0},"end":{"line":1,"column":9}},"1":{"start":{"line":1,"column":9},"end":{"line":1,"column":24}}},"fnMap":{"0":{"name":"(anonymous_1)","decl":{"start":{"line":1,"column":9},"end":{"line":1,"column":16}},"loc":{"start":{"line":1,"column":9},"end":{"line":1,"column":24}}}},"branchMap":{},"s":{"0":2,"1":8},"f":{"0":6},"b":{}}
,"C:\\jays_space\\other_projects\\smartenup\\src\\components\\elements\\button\\Button.element.tsx": {"path":"C:\\jays_space\\other_projects\\smartenup\\src\\components\\elements\\button\\Button.element.tsx","statementMap":{"0":{"start":{"line":5,"column":0},"end":{"line":5,"column":51}},"1":{"start":{"line":8,"column":0},"end":{"line":8,"column":49}},"2":{"start":{"line":20,"column":15},"end":{"line":37,"column":1}},"3":{"start":{"line":26,"column":2},"end":{"line":36,"column":4}},"4":{"start":{"line":39,"column":0},"end":{"line":39,"column":22}}},"fnMap":{"0":{"name":"(anonymous_0)","decl":{"start":{"line":20,"column":15},"end":{"line":20,"column":16}},"loc":{"start":{"line":24,"column":27},"end":{"line":37,"column":1}}},"1":{"name":"(anonymous_1)","decl":{"start":{"line":23,"column":12},"end":{"line":23,"column":15}},"loc":{"start":{"line":23,"column":17},"end":{"line":23,"column":20}}}},"branchMap":{"0":{"loc":{"start":{"line":22,"column":2},"end":{"line":22,"column":21}},"type":"default-arg","locations":[{"start":{"line":22,"column":12},"end":{"line":22,"column":21}}]},"1":{"loc":{"start":{"line":23,"column":2},"end":{"line":23,"column":20}},"type":"default-arg","locations":[{"start":{"line":23,"column":12},"end":{"line":23,"column":20}}]},"2":{"loc":{"start":{"line":28,"column":7},"end":{"line":33,"column":null}},"type":"cond-expr","locations":[{"start":{"line":29,"column":8},"end":{"line":30,"column":null}},{"start":{"line":33,"column":8},"end":{"line":33,"column":40}}]}},"s":{"0":1,"1":1,"2":1,"3":4,"4":1},"f":{"0":4,"1":0},"b":{"0":[2],"1":[3],"2":[1,3]}}
,"C:\\jays_space\\other_projects\\smartenup\\src\\components\\elements\\button\\Button.utils.ts": {"path":"C:\\jays_space\\other_projects\\smartenup\\src\\components\\elements\\button\\Button.utils.ts","statementMap":{"0":{"start":{"line":9,"column":31},"end":{"line":24,"column":1}},"1":{"start":{"line":12,"column":23},"end":{"line":12,"column":66}},"2":{"start":{"line":14,"column":2},"end":{"line":23,"column":null}},"3":{"start":{"line":16,"column":6},"end":{"line":16,"column":128}},"4":{"start":{"line":19,"column":6},"end":{"line":19,"column":120}},"5":{"start":{"line":22,"column":6},"end":{"line":22,"column":53}},"6":{"start":{"line":9,"column":13},"end":{"line":9,"column":31}}},"fnMap":{"0":{"name":"(anonymous_0)","decl":{"start":{"line":9,"column":31},"end":{"line":9,"column":null}},"loc":{"start":{"line":11,"column":12},"end":{"line":24,"column":1}}}},"branchMap":{"0":{"loc":{"start":{"line":14,"column":2},"end":{"line":23,"column":null}},"type":"switch","locations":[{"start":{"line":15,"column":4},"end":{"line":16,"column":128}},{"start":{"line":18,"column":4},"end":{"line":19,"column":120}},{"start":{"line":21,"column":4},"end":{"line":22,"column":53}}]}},"s":{"0":1,"1":4,"2":4,"3":1,"4":1,"5":2,"6":1},"f":{"0":4},"b":{"0":[1,1,2]}}
,"C:\\jays_space\\other_projects\\smartenup\\src\\components\\elements\\button\\index.ts": {"path":"C:\\jays_space\\other_projects\\smartenup\\src\\components\\elements\\button\\index.ts","statementMap":{"0":{"start":{"line":1,"column":0},"end":{"line":1,"column":9}},"1":{"start":{"line":1,"column":9},"end":{"line":1,"column":26}}},"fnMap":{"0":{"name":"(anonymous_1)","decl":{"start":{"line":1,"column":9},"end":{"line":1,"column":16}},"loc":{"start":{"line":1,"column":9},"end":{"line":1,"column":26}}}},"branchMap":{},"s":{"0":1,"1":5},"f":{"0":4},"b":{}}
}
