TN:
SF:src\components\atoms\typography\heading\Heading.atom.tsx
FN:14,(anonymous_0)
FNF:1
FNH:1
FNDA:7,(anonymous_0)
DA:3,1
DA:14,1
DA:16,7
DA:18,1
DA:22,1
DA:26,1
DA:30,1
DA:34,1
DA:38,1
DA:43,1
DA:47,1
LF:11
LH:11
BRDA:14,0,0,1
BRDA:16,1,0,1
BRDA:16,1,1,1
BRDA:16,1,2,1
BRDA:16,1,3,1
BRDA:16,1,4,1
BRDA:16,1,5,1
BRDA:16,1,6,1
BRF:8
BRH:8
end_of_record
TN:
SF:src\components\atoms\typography\heading\Heading.utils.tsx
FN:10,(anonymous_0)
FNF:1
FNH:1
FNDA:13,(anonymous_0)
DA:10,1
DA:12,13
DA:14,13
DA:17,2
DA:20,2
DA:23,2
DA:26,2
DA:29,2
DA:32,2
DA:36,1
LF:10
LH:10
BRDA:14,0,0,2
BRDA:14,0,1,2
BRDA:14,0,2,2
BRDA:14,0,3,2
BRDA:14,0,4,2
BRDA:14,0,5,2
BRDA:14,0,6,1
BRF:7
BRH:7
end_of_record
TN:
SF:src\components\atoms\typography\heading\index.ts
FN:1,(anonymous_1)
FNF:1
FNH:1
FNDA:7,(anonymous_1)
DA:1,8
LF:1
LH:1
BRF:0
BRH:0
end_of_record
