TN:
SF:src\components\atoms\section\Section.atom.tsx
FN:3,(anonymous_0)
FNF:1
FNH:1
FNDA:1,(anonymous_0)
DA:3,1
DA:4,1
DA:7,1
LF:3
LH:3
BRF:0
BRH:0
end_of_record
TN:
SF:src\components\atoms\section\index.ts
FN:1,(anonymous_1)
FNF:1
FNH:1
FNDA:1,(anonymous_1)
DA:1,2
LF:1
LH:1
BRF:0
BRH:0
end_of_record
TN:
SF:src\components\atoms\typography\heading\Heading.atom.tsx
FN:12,(anonymous_0)
FNF:1
FNH:1
FNDA:7,(anonymous_0)
DA:12,1
DA:13,7
DA:15,1
DA:19,1
DA:23,1
DA:27,1
DA:31,1
DA:35,1
DA:39,1
DA:43,1
LF:10
LH:10
BRDA:12,0,0,1
BRDA:13,1,0,1
BRDA:13,1,1,1
BRDA:13,1,2,1
BRDA:13,1,3,1
BRDA:13,1,4,1
BRDA:13,1,5,1
BRDA:13,1,6,1
BRF:8
BRH:8
end_of_record
TN:
SF:src\components\atoms\typography\heading\index.ts
FN:1,(anonymous_1)
FNF:1
FNH:1
FNDA:7,(anonymous_1)
DA:1,8
LF:1
LH:1
BRF:0
BRH:0
end_of_record
TN:
SF:src\components\atoms\typography\text\Text.atom.tsx
FN:15,(anonymous_0)
FNF:1
FNH:1
FNDA:1,(anonymous_0)
DA:15,1
DA:16,1
DA:19,1
LF:3
LH:3
BRF:0
BRH:0
end_of_record
TN:
SF:src\components\atoms\typography\text\index.ts
FN:1,(anonymous_1)
FNF:1
FNH:1
FNDA:1,(anonymous_1)
DA:1,2
LF:1
LH:1
BRF:0
BRH:0
end_of_record
TN:
SF:src\components\elements\button\Button.element.tsx
FN:3,(anonymous_0)
FN:3,(anonymous_1)
FN:4,(anonymous_2)
FNF:3
FNH:2
FNDA:5,(anonymous_0)
FNDA:0,(anonymous_1)
FNDA:5,(anonymous_2)
DA:3,1
DA:4,5
DA:5,5
DA:7,1
DA:10,1
DA:13,1
DA:16,2
DA:19,5
DA:22,1
LF:9
LH:9
BRDA:3,0,0,2
BRDA:3,1,0,4
BRDA:5,2,0,1
BRDA:5,2,1,1
BRDA:5,2,2,1
BRDA:5,2,3,2
BRF:6
BRH:6
end_of_record
TN:
SF:src\components\elements\button\index.ts
FN:1,(anonymous_1)
FNF:1
FNH:1
FNDA:5,(anonymous_1)
DA:1,6
LF:1
LH:1
BRF:0
BRH:0
end_of_record
